  % Total    % Received % Xferd  Average Speed   Time    Time     Time  Current
                                 Dload  Upload   Total   Spent    Left  Speed
  0     0    0     0    0     0      0      0 --:--:-- --:--:-- --:--:--     0*   Trying 18.216.102.204:80...
* Connected to ec2-18-216-102-204.us-east-2.compute.amazonaws.com (18.216.102.204) port 80 (#0)
> GET / HTTP/1.1
> Host: ec2-18-216-102-204.us-east-2.compute.amazonaws.com
> User-Agent: curl/7.81.0
> Accept: */*
> Cookie: login=eyJ1c2VybmFtZSI6ImF3ZGVvcmlvIn0.Zdl4XA.x3BtZDzT2NPhCuLEeh0xoRyQN_E
> 
* Mark bundle as not supporting multiuse
< HTTP/1.1 200 OK
< Server: nginx/1.18.0 (Ubuntu)
< Date: Sat, 24 Feb 2024 05:03:40 GMT
< Content-Type: text/html; charset=utf-8
< Content-Length: 464
< Connection: keep-alive
< Vary: Cookie
< 
{ [464 bytes data]
100   464  100   464    0     0   3893      0 --:--:-- --:--:-- --:--:--  3899
* Connection #0 to host ec2-18-216-102-204.us-east-2.compute.amazonaws.com left intact
